<?xml version="1.0" encoding="UTF-8"?>
<!-- Generated by org.testng.reporters.JUnitXMLReporter -->
<testsuite hostname="MEENA-S4-LP" name="Free CRM App Test Cases" tests="9" failures="0" timestamp="10 Apr 2018 01:44:54 GMT" time="28.301" errors="0">
  <testcase name="clickOnSubServiceTest" time="2.866" classname="com.cenlar.qa.testcases.ContactUsPageTest"/>
  <testcase name="clickonSubmitBtnTest" time="2.232" classname="com.cenlar.qa.testcases.ContactUsPageTest"/>
  <testcase name="validateErrorTest" time="0.524" classname="com.cenlar.qa.testcases.ContactUsPageTest"/>
  <testcase name="requiredFieldError1Test" time="0.533" classname="com.cenlar.qa.testcases.ContactUsPageTest"/>
  <testcase name="requiredFieldErrorTest" time="0.855" classname="com.cenlar.qa.testcases.ContactUsPageTest"/>
  <testcase name="clickOnBusinessLoginTest" time="0.399" classname="com.cenlar.qa.testcases.BusinessLoginPageTest"/>
  <testcase name="validateBusinessLoginTest" time="0.816" classname="com.cenlar.qa.testcases.BusinessLoginPageTest"/>
  <testcase name="validateBusinessLoginTest" time="0.676" classname="com.cenlar.qa.testcases.BusinessLoginPageTest"/>
  <testcase name="validateBusinessLoginTest" time="0.634" classname="com.cenlar.qa.testcases.BusinessLoginPageTest"/>
</testsuite> <!-- Free CRM App Test Cases -->
