<?xml version="1.0" encoding="UTF-8"?>
<!-- Generated by org.testng.reporters.JUnitXMLReporter -->
<testsuite hostname="MEENA-S4-LP" name="Free Cenlar App Test Cases" tests="10" failures="0" timestamp="10 Apr 2018 19:30:15 GMT" time="35.747" errors="0">
  <testcase name="verifyPageTitleTest" time="0.02" classname="com.cenlar.qa.testcases.HomePageTest"/>
  <testcase name="clickOnSubServiceTest" time="2.517" classname="com.cenlar.qa.testcases.ContactUsPageTest"/>
  <testcase name="clickonSubmitBtnTest" time="2.222" classname="com.cenlar.qa.testcases.ContactUsPageTest"/>
  <testcase name="validateErrorTest" time="0.062" classname="com.cenlar.qa.testcases.ContactUsPageTest"/>
  <testcase name="requiredFieldError1Test" time="0.353" classname="com.cenlar.qa.testcases.ContactUsPageTest"/>
  <testcase name="requiredFieldErrorTest" time="0.6" classname="com.cenlar.qa.testcases.ContactUsPageTest"/>
  <testcase name="clickOnBusinessLoginTest" time="0.225" classname="com.cenlar.qa.testcases.BusinessLoginPageTest"/>
  <testcase name="validateBusinessLoginTest" time="0.391" classname="com.cenlar.qa.testcases.BusinessLoginPageTest"/>
  <testcase name="validateBusinessLoginTest" time="0.327" classname="com.cenlar.qa.testcases.BusinessLoginPageTest"/>
  <testcase name="validateBusinessLoginTest" time="0.367" classname="com.cenlar.qa.testcases.BusinessLoginPageTest"/>
</testsuite> <!-- Free Cenlar App Test Cases -->
