<?xml version="1.0" encoding="UTF-8"?>
<testng-results skipped="0" failed="0" total="1" passed="1">
  <reporter-output>
  </reporter-output>
  <suite name="Default suite" duration-ms="9283" started-at="2018-04-10T21:03:33Z" finished-at="2018-04-10T21:03:42Z">
    <groups>
    </groups>
    <test name="Default test" duration-ms="9283" started-at="2018-04-10T21:03:33Z" finished-at="2018-04-10T21:03:42Z">
      <class name="com.cenlar.qa.testcases.HomePageTest">
        <test-method status="PASS" signature="setUp()[pri:0, instance:com.cenlar.qa.testcases.HomePageTest@59fa1d9b]" name="setUp" is-config="true" duration-ms="7799" started-at="2018-04-10T17:03:33Z" finished-at="2018-04-10T17:03:41Z">
          <reporter-output>
          </reporter-output>
        </test-method> <!-- setUp -->
        <test-method status="PASS" signature="verifyPageTitleTest()[pri:0, instance:com.cenlar.qa.testcases.HomePageTest@59fa1d9b]" name="verifyPageTitleTest" duration-ms="67" started-at="2018-04-10T17:03:41Z" finished-at="2018-04-10T17:03:41Z">
          <reporter-output>
          </reporter-output>
        </test-method> <!-- verifyPageTitleTest -->
        <test-method status="PASS" signature="tearDown()[pri:0, instance:com.cenlar.qa.testcases.HomePageTest@59fa1d9b]" name="tearDown" is-config="true" duration-ms="1405" started-at="2018-04-10T17:03:41Z" finished-at="2018-04-10T17:03:42Z">
          <reporter-output>
          </reporter-output>
        </test-method> <!-- tearDown -->
      </class> <!-- com.cenlar.qa.testcases.HomePageTest -->
    </test> <!-- Default test -->
  </suite> <!-- Default suite -->
</testng-results>
